\BOOKMARK [0][-]{chapter.1}{\376\377\000T\000h\000i\000n\000k\000\040\000b\000e\000f\000o\000r\000e\000\040\000y\000o\000u\000\040\000f\000l\000y}{}% 1
\BOOKMARK [1][-]{section.1.1}{\376\377\000S\000o\000f\000t\000w\000a\000r\000e\000\040\000l\000i\000m\000i\000t\000a\000t\000i\000o\000n\000s}{chapter.1}% 2
\BOOKMARK [1][-]{section.1.2}{\376\377\000N\000a\000v\000i\000g\000a\000t\000i\000o\000n\000a\000l\000\040\000d\000a\000t\000a\000\040\000a\000n\000d\000\040\000a\000v\000i\000a\000t\000i\000o\000n\000\040\000d\000a\000t\000a}{chapter.1}% 3
\BOOKMARK [1][-]{section.1.3}{\376\377\000O\000p\000e\000r\000a\000t\000i\000n\000g\000\040\000s\000y\000s\000t\000e\000m\000\040\000l\000i\000m\000i\000t\000a\000t\000i\000o\000n\000s}{chapter.1}% 4
\BOOKMARK [1][-]{section.1.4}{\376\377\000H\000a\000r\000d\000w\000a\000r\000e\000\040\000l\000i\000m\000i\000t\000a\000t\000i\000o\000n\000s}{chapter.1}% 5
\BOOKMARK [0][-]{chapter.2}{\376\377\000I\000n\000s\000t\000a\000l\000l\000a\000t\000i\000o\000n\000\040\000a\000n\000d\000\040\000s\000e\000t\000u\000p}{}% 6
\BOOKMARK [1][-]{section.2.1}{\376\377\000A\000p\000p\000\040\000i\000n\000s\000t\000a\000l\000l\000a\000t\000i\000o\000n}{chapter.2}% 7
\BOOKMARK [1][-]{section.2.2}{\376\377\000M\000a\000p\000\040\000d\000o\000w\000n\000l\000o\000a\000d}{chapter.2}% 8
\BOOKMARK [1][-]{section.2.3}{\376\377\000D\000o\000n\000e\000.}{chapter.2}% 9
\BOOKMARK [0][-]{chapter.3}{\376\377\000B\000e\000f\000o\000r\000e\000\040\000y\000o\000u\000r\000\040\000f\000i\000r\000s\000t\000\040\000f\000l\000i\000g\000h\000t}{}% 10
\BOOKMARK [1][-]{section.3.1}{\376\377\000T\000h\000e\000\040\000m\000o\000v\000i\000n\000g\000\040\000m\000a\000p}{chapter.3}% 11
\BOOKMARK [1][-]{section.3.2}{\376\377\000I\000n\000t\000e\000r\000a\000c\000t\000i\000v\000e\000\040\000c\000o\000n\000t\000r\000o\000l\000s}{chapter.3}% 12
\BOOKMARK [1][-]{section.3.3}{\376\377\000I\000n\000f\000o\000r\000m\000a\000t\000i\000o\000n\000\040\000a\000b\000o\000u\000t\000\040\000a\000i\000r\000s\000p\000a\000c\000e\000s\000,\000\040\000a\000i\000r\000f\000i\000e\000l\000d\000s\000\040\000a\000n\000d\000\040\000o\000t\000h\000e\000r\000\040\000f\000a\000c\000i\000l\000i\000t\000i\000e\000s}{chapter.3}% 13
\BOOKMARK [1][-]{section.3.4}{\376\377\000G\000o\000\040\000f\000l\000y\000i\000n\000g\000!}{chapter.3}% 14
\BOOKMARK [0][-]{chapter.4}{\376\377\000C\000o\000n\000n\000e\000c\000t\000\040\000y\000o\000u\000r\000\040\000t\000r\000a\000f\000f\000i\000c\000\040\000r\000e\000c\000e\000i\000v\000e\000r}{}% 15
\BOOKMARK [1][-]{section.4.1}{\376\377\000B\000e\000f\000o\000r\000e\000\040\000y\000o\000u\000\040\000c\000o\000n\000n\000e\000c\000t}{chapter.4}% 16
\BOOKMARK [1][-]{section.4.2}{\376\377\000C\000o\000n\000n\000e\000c\000t\000\040\000t\000o\000\040\000t\000h\000e\000\040\000t\000r\000a\000f\000f\000i\000c\000\040\000r\000e\000c\000e\000i\000v\000e\000r}{chapter.4}% 17
\BOOKMARK [1][-]{section.4.3}{\376\377\000T\000r\000o\000u\000b\000l\000e\000s\000h\000o\000o\000t\000i\000n\000g}{chapter.4}% 18
\BOOKMARK [0][-]{chapter.5}{\376\377\000C\000o\000n\000n\000e\000c\000t\000\040\000y\000o\000u\000r\000\040\000f\000l\000i\000g\000h\000t\000\040\000s\000i\000m\000u\000l\000a\000t\000o\000r}{}% 19
\BOOKMARK [1][-]{section.5.1}{\376\377\000B\000e\000f\000o\000r\000e\000\040\000y\000o\000u\000\040\000c\000o\000n\000n\000e\000c\000t}{chapter.5}% 20
\BOOKMARK [1][-]{section.5.2}{\376\377\000S\000e\000t\000\040\000u\000p\000\040\000y\000o\000u\000r\000\040\000f\000l\000i\000g\000h\000t\000\040\000s\000i\000m\000u\000l\000a\000t\000o\000r}{chapter.5}% 21
\BOOKMARK [1][-]{section.5.3}{\376\377\000T\000r\000o\000u\000b\000l\000e\000s\000h\000o\000o\000t\000i\000n\000g}{chapter.5}% 22
\BOOKMARK [0][-]{chapter.6}{\376\377\000M\000a\000p\000\040\000D\000a\000t\000a}{}% 23
\BOOKMARK [0][-]{chapter.7}{\376\377\000O\000t\000h\000e\000r}{}% 24
\BOOKMARK [1][-]{section.7.1}{\376\377\000F\000l\000i\000g\000h\000t\000\040\000m\000o\000d\000e\000\040\000a\000n\000d\000\040\000g\000r\000o\000u\000n\000d\000\040\000m\000o\000d\000e}{chapter.7}% 25
\BOOKMARK [0][-]{chapter.8}{\376\377\000A\000i\000r\000s\000p\000a\000c\000e\000\040\000D\000i\000s\000p\000l\000a\000y}{}% 26
\BOOKMARK [1][-]{section.8.1}{\376\377\000C\000o\000n\000t\000r\000o\000l\000l\000e\000d\000\040\000A\000i\000r\000s\000p\000a\000c\000e}{chapter.8}% 27
\BOOKMARK [1][-]{section.8.2}{\376\377\000C\000o\000n\000t\000r\000o\000l\000\040\000Z\000o\000n\000e}{chapter.8}% 28
\BOOKMARK [1][-]{section.8.3}{\376\377\000T\000r\000a\000n\000s\000p\000o\000n\000d\000e\000r\000\040\000M\000a\000n\000d\000a\000t\000o\000r\000y\000\040\000Z\000o\000n\000e\000s}{chapter.8}% 29
\BOOKMARK [1][-]{section.8.4}{\376\377\000R\000a\000d\000i\000o\000\040\000M\000a\000n\000d\000a\000t\000o\000r\000y\000\040\000Z\000o\000n\000e}{chapter.8}% 30
\BOOKMARK [1][-]{section.8.5}{\376\377\000P\000a\000r\000a\000c\000h\000u\000t\000e\000\040\000J\000u\000m\000p\000i\000n\000g\000\040\000A\000r\000e\000a\000s}{chapter.8}% 31
\BOOKMARK [1][-]{section.8.6}{\376\377\000N\000a\000t\000u\000r\000e\000\040\000R\000e\000s\000e\000r\000v\000e\000\040\000A\000r\000e\000a\000s}{chapter.8}% 32
\BOOKMARK [1][-]{section.8.7}{\376\377\000A\000i\000r\000f\000i\000e\000l\000d\000s}{chapter.8}% 33
\BOOKMARK [1][-]{section.8.8}{\376\377\000A\000p\000p\000r\000o\000a\000c\000h\000\040\000a\000n\000d\000\040\000D\000e\000p\000a\000r\000t\000u\000r\000e\000\040\000R\000o\000u\000t\000e\000s}{chapter.8}% 34
\BOOKMARK [0][-]{chapter.9}{\376\377\000W\000e\000a\000t\000h\000e\000r}{}% 35
\BOOKMARK [-1][-]{part.1}{\376\377\000I\000\040\000A\000p\000p\000e\000n\000d\000i\000x}{}% 36
\BOOKMARK [0][-]{chapter.10}{\376\377\000S\000o\000f\000t\000w\000a\000r\000e\000\040\000l\000i\000c\000e\000n\000s\000e\000s}{part.1}% 37
\BOOKMARK [1][-]{section.10.1}{\376\377\000L\000i\000c\000e\000n\000s\000e\000\040\000o\000f\000\040\000E\000n\000r\000o\000u\000t\000e\000\040\000F\000l\000i\000g\000h\000t\000\040\000N\000a\000v\000i\000g\000a\000t\000i\000o\000n}{chapter.10}% 38
\BOOKMARK [1][-]{section.10.2}{\376\377\000T\000h\000i\000r\000d\000-\000P\000a\000r\000t\000y\000\040\000s\000o\000f\000t\000w\000a\000r\000e\000\040\000i\000n\000c\000l\000u\000d\000e\000d\000\040\000i\000n\000\040\000t\000h\000i\000s\000\040\000p\000r\000o\000g\000r\000a\000m}{chapter.10}% 39
\BOOKMARK [1][-]{section.10.3}{\376\377\000D\000a\000t\000a\000\040\000i\000n\000c\000l\000u\000d\000e\000d\000\040\000i\000n\000\040\000t\000h\000i\000s\000\040\000p\000r\000o\000g\000r\000a\000m}{chapter.10}% 40
\BOOKMARK [1][-]{section.10.4}{\376\377\000B\000a\000s\000e\000\040\000m\000a\000p\000s}{chapter.10}% 41
\BOOKMARK [1][-]{section.10.5}{\376\377\000A\000v\000i\000a\000t\000i\000o\000n\000\040\000m\000a\000p\000s}{chapter.10}% 42
\BOOKMARK [0][-]{chapter.11}{\376\377\000T\000e\000c\000h\000n\000i\000c\000a\000l\000\040\000N\000o\000t\000e\000s}{part.1}% 43
\BOOKMARK [1][-]{section.11.1}{\376\377\000P\000l\000a\000t\000f\000o\000r\000m\000\040\000n\000o\000t\000e\000s}{chapter.11}% 44
\BOOKMARK [1][-]{section.11.2}{\376\377\000T\000r\000a\000f\000f\000i\000c\000\040\000R\000e\000c\000e\000i\000v\000e\000r}{chapter.11}% 45
